<?xml version="1.0" encoding="UTF-8"?>
<!-- Generated by org.testng.reporters.JUnitReportReporter -->
<testsuite hostname="PJ" failures="0" tests="2" name="runner.Runner" time="79.473" errors="0" timestamp="1 Jul 2021 16:46:40 GMT">
  <testcase classname="runner.Runner" name="feature" time="0.023"/>
  <testcase classname="runner.Runner" name="feature" time="79.450"/>
</testsuite> <!-- runner.Runner -->
