<?xml version="1.0" encoding="UTF-8"?>
<!-- Generated by org.testng.reporters.JUnitReportReporter -->
<testsuite hostname="PJ" failures="0" tests="2" name="runner.Runner" time="54.801" errors="0" timestamp="2 Jul 2021 06:42:50 GMT">
  <testcase classname="runner.Runner" name="feature" time="54.768"/>
  <testcase classname="runner.Runner" name="feature" time="0.033"/>
</testsuite> <!-- runner.Runner -->
